<?xml version="1.0" ?>
<testsuites>
	
	
	<testsuite name="ydb/tests/sql" tests="2" time="18.865388976875693" failures="0" skipped="0">
		
		
		<testcase name="sole chunk chunk" time="0.0"/>
		
		
		<testcase name="test_crud.py.TestYdbCrudOperations.test_crud_operations2" time="6.916065781377256">
			<properties>
				<property name="url:test_case" value="https://github.com/ydb-platform/ydb/issues/2"/>
			</properties>
		</testcase>
		
		
		<testcase name="test_crud.py.TestYdbCrudOperations.test_crud_operations" time="11.949323195498437">
			<properties>
				<property name="url:test_case" value="https://github.com/ydb-platform/ydb/issues/0"/>
			</properties>
		</testcase>
		
	
	</testsuite>
	
	
	<testsuite name="ydb/tests/sql/large" tests="0" time="0" failures="0" skipped="0"/>
	

</testsuites>
